Wed 24 Apr 2024 02:04:30 PM UTC: 
 tests:  0|6
total_score: 0/70
623a123
Wed 24 Apr 2024 02:22:15 PM UTC: 
 hashmap.c | 11 ++++++++---
 1 file changed, 8 insertions(+), 3 deletions(-)
 tests:  1|5
total_score: 10/70
8d4e5b2
Wed 24 Apr 2024 02:26:19 PM UTC: 
 hashmap.c | 3 ++-
 1 file changed, 2 insertions(+), 1 deletion(-)
 tests:  1|5
total_score: 10/70
418c504
Wed 24 Apr 2024 02:29:41 PM UTC: 
 hashmap.c | 15 +++++++++++++--
 1 file changed, 13 insertions(+), 2 deletions(-)
 tests:  4|4
total_score: 20/70
d6147fd
Wed 24 Apr 2024 02:32:32 PM UTC: 
 hashmap.c | 12 ------------
 1 file changed, 12 deletions(-)
 tests:  1|5
total_score: 10/70
8ecfa5f
Wed 24 Apr 2024 02:37:28 PM UTC: 
 hashmap.c | 5 +----
 1 file changed, 1 insertion(+), 4 deletions(-)
In file included from test.c:4:
hashmap.c: In function ‘insertMap’:
hashmap.c:44:29: error: expected ‘=’, ‘,’, ‘;’, ‘asm’ or ‘__attribute__’ before ‘{’ token
   44 | void enlarge(HashMap * map) {
      |                             ^
hashmap.c:52:1: error: expected ‘=’, ‘,’, ‘;’, ‘asm’ or ‘__attribute__’ before ‘{’ token
   52 | {
      | ^
hashmap.c:62:1: error: expected ‘=’, ‘,’, ‘;’, ‘asm’ or ‘__attribute__’ before ‘{’ token
   62 | {
      | ^
hashmap.c:68:1: error: expected ‘=’, ‘,’, ‘;’, ‘asm’ or ‘__attribute__’ before ‘{’ token
   68 | {
      | ^
hashmap.c:72:32: error: expected ‘=’, ‘,’, ‘;’, ‘asm’ or ‘__attribute__’ before ‘{’ token
   72 | Pair * firstMap(HashMap * map) {
      |                                ^
hashmap.c:77:31: error: expected ‘=’, ‘,’, ‘;’, ‘asm’ or ‘__attribute__’ before ‘{’ token
   77 | Pair * nextMap(HashMap * map) {
      |                               ^
test.c:8:34: error: expected ‘=’, ‘,’, ‘;’, ‘asm’ or ‘__attribute__’ before ‘{’ token
    8 | char * _strdup(const char * str) {
      |                                  ^
test.c:15:1: error: parameter ‘test_id’ is initialized
   15 | int test_id = -1;
      | ^~~
test.c:18:14: error: expected ‘=’, ‘,’, ‘;’, ‘asm’ or ‘__attribute__’ before ‘{’ token
   18 | int success(){
      |              ^
test.c:23:24: error: expected ‘=’, ‘,’, ‘;’, ‘asm’ or ‘__attribute__’ before ‘{’ token
   23 | void err_msg(char* msg){
      |                        ^
test.c:30:23: error: expected ‘=’, ‘,’, ‘;’, ‘asm’ or ‘__attribute__’ before ‘{’ token
   30 | void ok_msg(char* msg){
      |                       ^
test.c:36:25: error: expected ‘=’, ‘,’, ‘;’, ‘asm’ or ‘__attribute__’ before ‘{’ token
   36 | void info_msg(char* msg){
      |                         ^
test.c:41:25: error: expected ‘=’, ‘,’, ‘;’, ‘asm’ or ‘__attribute__’ before ‘{’ token
   41 | HashMap* initializeMap(){
      |                         ^
test.c:64:22: error: expected ‘=’, ‘,’, ‘;’, ‘asm’ or ‘__attribute__’ before ‘{’ token
   64 | int createMap_test1(){ //Retorna el mapa
      |                      ^
test.c:75:22: error: expected ‘=’, ‘,’, ‘;’, ‘asm’ or ‘__attribute__’ before ‘{’ token
   75 | int createMap_test2(){ //Buckets nulos
      |                      ^
test.c:83:22: error: expected ‘=’, ‘,’, ‘;’, ‘asm’ or ‘__attribute__’ before ‘{’ token
   83 | int createMap_test3(){ //variables
      |                      ^
test.c:100:18: error: expected ‘=’, ‘,’, ‘;’, ‘asm’ or ‘__attribute__’ before ‘{’ token
  100 | void hash_test1(){ // posición válida
      |                  ^
test.c:111:18: error: expected ‘=’, ‘,’, ‘;’, ‘asm’ or ‘__attribute__’ before ‘{’ token
  111 | void hash_test2(){ // colisiones
      |                  ^
test.c:125:18: error: expected ‘=’, ‘,’, ‘;’, ‘asm’ or ‘__attribute__’ before ‘{’ token
  125 | void hash_test3(){ //no random
      |                  ^
test.c:131:20: error: expected ‘=’, ‘,’, ‘;’, ‘asm’ or ‘__attribute__’ before ‘{’ token
  131 | void compare_test(){
      |                    ^
test.c:138:19: error: expected ‘=’, ‘,’, ‘;’, ‘asm’ or ‘__attribute__’ before ‘{’ token
  138 | int insert_test1(){ //elemento con hash=3
      |                   ^
test.c:168:19: error: expected ‘=’, ‘,’, ‘;’, ‘asm’ or ‘__attribute__’ before ‘{’ token
  168 | int insert_test2(){ //no se agregan repetidos
      |                   ^
test.c:179:19: error: expected ‘=’, ‘,’, ‘;’, ‘asm’ or ‘__attribute__’ before ‘{’ token
  179 | int insert_test3(){ //colisión
      |                   ^
test.c:192:19: error: expected ‘=’, ‘,’, ‘;’, ‘asm’ or ‘__attribute__’ before ‘{’ token
  192 | int insert_test4(){ //colisión
      |                   ^
test.c:217:19: error: expected ‘=’, ‘,’, ‘;’, ‘asm’ or ‘__attribute__’ before ‘{’ token
  217 | int insert_test5(){ //factor de carga>0.7, se llama a función enlarge
      |                   ^
test.c:233:19: error: expected ‘=’, ‘,’, ‘;’, ‘asm’ or ‘__attribute__’ before ‘{’ token
  233 | int search_test1(){ //busqueda de elemento insertado
      |                   ^
test.c:256:19: error: expected ‘=’, ‘,’, ‘;’, ‘asm’ or ‘__attribute__’ before ‘{’ token
  256 | int search_test2(){ //busqueda de elemento colisionado
      |                   ^
test.c:276:19: error: expected ‘=’, ‘,’, ‘;’, ‘asm’ or ‘__attribute__’ before ‘{’ token
  276 | int search_test3(){ //busqueda de elemento que no existe
      |                   ^
test.c:289:18: error: expected ‘=’, ‘,’, ‘;’, ‘asm’ or ‘__attribute__’ before ‘{’ token
  289 | int erase_test1(){  //elimina dato
      |                  ^
test.c:314:18: error: expected ‘=’, ‘,’, ‘;’, ‘asm’ or ‘__attribute__’ before ‘{’ token
  314 | int erase_test2(){  //elimina dato colisionado
      |                  ^
test.c:330:18: error: expected ‘=’, ‘,’, ‘;’, ‘asm’ or ‘__attribute__’ before ‘{’ token
  330 | int erase_test3(){  //elimina dato que no existe
      |                  ^
test.c:345:17: error: expected ‘=’, ‘,’, ‘;’, ‘asm’ or ‘__attribute__’ before ‘{’ token
  345 | int first_test(){
      |                 ^
test.c:389:16: error: expected ‘=’, ‘,’, ‘;’, ‘asm’ or ‘__attribute__’ before ‘{’ token
  389 | int next_test(){
      |                ^
test.c:425:19: error: expected ‘=’, ‘,’, ‘;’, ‘asm’ or ‘__attribute__’ before ‘{’ token
  425 | int enlarge_test(){
      |                   ^
test.c:453:36: error: expected ‘=’, ‘,’, ‘;’, ‘asm’ or ‘__attribute__’ before ‘{’ token
  453 | int main( int argc, char *argv[] ) {
      |                                    ^
In file included from test.c:4:
hashmap.c:42:6: error: old-style parameter declarations in prototyped function definition
   42 | void insertMap(HashMap * map, char * key, void * value)
      |      ^~~~~~~~~
test.c:512: error: expected ‘{’ at end of input
Compilation failed
efbf3b4
Wed 24 Apr 2024 02:54:47 PM UTC: 
 hashmap.c | 3 +++
 1 file changed, 3 insertions(+)
 tests:  1|5
total_score: 10/70
b0094d9
Wed 24 Apr 2024 03:04:52 PM UTC: 
 hashmap.c | 21 ++++++++++++++++++++-
 1 file changed, 20 insertions(+), 1 deletion(-)
 tests:  5|4
total_score: 30/70
ae02a7f
Wed 24 Apr 2024 03:09:10 PM UTC: 
 hashmap.c | 8 ++++----
 1 file changed, 4 insertions(+), 4 deletions(-)
 tests:  5|4
total_score: 30/70
459d08f
Wed 24 Apr 2024 03:26:32 PM UTC: 
 hashmap.c | 18 ++++++++++++++++--
 1 file changed, 16 insertions(+), 2 deletions(-)
 tests:  8|3
total_score: 40/70
a60b155
Wed 24 Apr 2024 03:46:49 PM UTC: 
 hashmap.c | 20 +++++++++++++++++---
 1 file changed, 17 insertions(+), 3 deletions(-)
 tests:  8|3
total_score: 40/70
d4acf39
Wed 24 Apr 2024 03:49:22 PM UTC: 
 hashmap.c | 3 ++-
 1 file changed, 2 insertions(+), 1 deletion(-)
 tests:  8|3
total_score: 40/70
3612af2
Wed 24 Apr 2024 04:01:28 PM UTC: 
 hashmap.c | 12 ++++++------
 1 file changed, 6 insertions(+), 6 deletions(-)
In file included from test.c:4:
hashmap.c: In function ‘eraseMap’:
hashmap.c:89:31: error: request for member ‘capacity’ in something not a structure or union
   89 |   long posicion = hash(map,key->capacity);
      |                               ^~
hashmap.c:89:24: error: passing argument 1 of ‘hash’ from incompatible pointer type [-Werror=incompatible-pointer-types]
   89 |   long posicion = hash(map,key->capacity);
      |                        ^~~
      |                        |
      |                        HashMap * {aka struct HashMap *}
hashmap.c:26:19: note: expected ‘char *’ but argument is of type ‘HashMap *’ {aka ‘struct HashMap *’}
   26 | long hash( char * key, long capacity) {
      |            ~~~~~~~^~~
hashmap.c:90:79: error: expected statement before ‘)’ token
   90 |   while(map->buckets[posicion] == NULL || map->buckets[posicion]->key == NULL))
      |                                                                               ^
hashmap.c:92:49: error: expected ‘)’ before ‘{’ token
   92 |     if(is_equal(map->buckets[posicion]->key,key)
      |       ~                                         ^
      |                                                 )
   93 |     {
      |     ~                                            
hashmap.c:100:3: error: expected expression before ‘}’ token
  100 |   }
      |   ^
cc1: all warnings being treated as errors
Compilation failed
ef71adc
Wed 24 Apr 2024 04:03:04 PM UTC: 
 hashmap.c | 2 +-
 1 file changed, 1 insertion(+), 1 deletion(-)
In file included from test.c:4:
hashmap.c: In function ‘eraseMap’:
hashmap.c:90:79: error: expected statement before ‘)’ token
   90 |   while(map->buckets[posicion] == NULL || map->buckets[posicion]->key == NULL))
      |                                                                               ^
hashmap.c:92:49: error: expected ‘)’ before ‘{’ token
   92 |     if(is_equal(map->buckets[posicion]->key,key)
      |       ~                                         ^
      |                                                 )
   93 |     {
      |     ~                                            
hashmap.c:100:3: error: expected expression before ‘}’ token
  100 |   }
      |   ^
Compilation failed
3f7dd7c
Wed 24 Apr 2024 04:03:22 PM UTC: 
 hashmap.c | 2 +-
 1 file changed, 1 insertion(+), 1 deletion(-)
In file included from test.c:4:
hashmap.c: In function ‘eraseMap’:
hashmap.c:92:49: error: expected ‘)’ before ‘{’ token
   92 |     if(is_equal(map->buckets[posicion]->key,key)
      |       ~                                         ^
      |                                                 )
   93 |     {
      |     ~                                            
hashmap.c:100:3: error: expected expression before ‘}’ token
  100 |   }
      |   ^
Compilation failed
d43298a
Wed 24 Apr 2024 04:03:32 PM UTC: 
 hashmap.c | 2 +-
 1 file changed, 1 insertion(+), 1 deletion(-)
 tests:  8|3
total_score: 40/70
36d9d1e
